\BOOKMARK [1][-]{section.1}{Course Description}{}% 1
\BOOKMARK [2][-]{subsection.1.1}{Class Time and Location}{section.1}% 2
\BOOKMARK [2][-]{subsection.1.2}{Instructor}{section.1}% 3
\BOOKMARK [2][-]{subsection.1.3}{Teaching Assistant}{section.1}% 4
\BOOKMARK [2][-]{subsection.1.4}{Recommended Texts}{section.1}% 5
\BOOKMARK [1][-]{section.2}{Mode of Instruction}{}% 6
\BOOKMARK [1][-]{section.3}{Course Materials}{}% 7
\BOOKMARK [1][-]{section.4}{Learning Objective}{}% 8
\BOOKMARK [1][-]{section.5}{Attendance Policy}{}% 9
\BOOKMARK [1][-]{section.6}{Course Assessment}{}% 10
\BOOKMARK [2][-]{subsection.6.1}{Participation and Engagement}{section.6}% 11
\BOOKMARK [2][-]{subsection.6.2}{Mini-quizzes}{section.6}% 12
\BOOKMARK [2][-]{subsection.6.3}{Classical literature feedback}{section.6}% 13
\BOOKMARK [2][-]{subsection.6.4}{Recent literature article lead}{section.6}% 14
\BOOKMARK [2][-]{subsection.6.5}{Recent literature article feedback}{section.6}% 15
\BOOKMARK [2][-]{subsection.6.6}{Literature Review}{section.6}% 16
\BOOKMARK [1][-]{section.7}{Grading}{}% 17
\BOOKMARK [1][-]{section.8}{Grading Scale}{}% 18
\BOOKMARK [1][-]{section.9}{Missing In-class Activities}{}% 19
\BOOKMARK [2][-]{subsection.9.1}{Illness Based Absence Policy}{section.9}% 20
\BOOKMARK [1][-]{section.10}{COVID-19 Statement}{}% 21
\BOOKMARK [1][-]{section.11}{Special Considerations}{}% 22
\BOOKMARK [2][-]{subsection.11.1}{ADA Statement}{section.11}% 23
\BOOKMARK [2][-]{subsection.11.2}{Religious Holy Days}{section.11}% 24
\BOOKMARK [1][-]{section.12}{TTU Resources for Discrimination, Harassment, and Sexual Violence}{}% 25
\BOOKMARK [1][-]{section.13}{LGBTQIA}{}% 26
\BOOKMARK [1][-]{section.14}{Classroom Civility}{}% 27
\BOOKMARK [1][-]{section.15}{Academic Integrity}{}% 28
\BOOKMARK [1][-]{section.16}{Plagiarism Statement}{}% 29
\BOOKMARK [1][-]{section.17}{Statement about Food Insecurity}{}% 30
\BOOKMARK [1][-]{section.18}{Creating Livable Futures}{}% 31
